[2026-04-18 03:02:16] === cycle start branch=can-tablet-fixes remote=origin ===
[2026-04-18 03:02:16] kill switch triggered -> exit
[2026-04-18 03:02:51] === cycle start branch=can-tablet-fixes remote=origin ===
[2026-04-18 03:02:51] kill switch triggered -> exit
[2026-04-18 03:05:27] === cycle start branch=can-tablet-fixes remote=origin ===
[2026-04-18 03:05:28] dirty tree detected -> checkpoint
[2026-04-18 03:05:30] worker cycle start
[2026-04-18 03:05:30] RUN: swarm
/data/data/com.termux/files/usr/bin/bash: line 1: swarm: command not found
[2026-04-18 03:05:30] worker cycle end rc=127
[2026-04-18 03:05:35] === cycle end ===
[2026-04-18 03:05:35] sleep 30s
[2026-04-18 03:06:05] === cycle start branch=can-tablet-fixes remote=origin ===
[2026-04-18 03:06:07] dirty tree detected -> checkpoint
[2026-04-18 03:06:08] worker cycle start
[2026-04-18 03:06:08] RUN: swarm
/data/data/com.termux/files/usr/bin/bash: line 1: swarm: command not found
[2026-04-18 03:06:08] worker cycle end rc=127
[2026-04-18 03:06:13] === cycle end ===
[2026-04-18 03:06:13] sleep 30s
[2026-04-18 03:06:43] === cycle start branch=can-tablet-fixes remote=origin ===
[2026-04-18 03:06:44] dirty tree detected -> checkpoint
[2026-04-18 03:06:46] worker cycle start
[2026-04-18 03:06:46] RUN: swarm
/data/data/com.termux/files/usr/bin/bash: line 1: swarm: command not found
[2026-04-18 03:06:46] worker cycle end rc=127
[2026-04-18 03:06:51] === cycle end ===
[2026-04-18 03:06:51] sleep 30s
[2026-04-18 03:07:21] === cycle start branch=can-tablet-fixes remote=origin ===
[2026-04-18 03:07:22] dirty tree detected -> checkpoint
[2026-04-18 03:07:24] worker cycle start
[2026-04-18 03:07:24] RUN: swarm
/data/data/com.termux/files/usr/bin/bash: line 1: swarm: command not found
[2026-04-18 03:07:24] worker cycle end rc=127
